<?xml version="1.0" encoding="utf-8"?>
<coverage line-rate="0.7893000000000001" branch-rate="0.7021" version="1.9" timestamp="1776500344" lines-covered="2260" lines-valid="2863" branches-covered="1136" branches-valid="1618">
  <sources>
    <source>D:\SabakaLang\</source>
  </sources>
  <packages>
    <package name="SabakaLang.Compiler" line-rate="0.7988" branch-rate="0.7347" complexity="1361">
      <classes>
        <class name="SabakaLang.Compiler.Symbol" filename="SabakaLang.Compiler\Binder.cs" line-rate="0.8332999999999999" branch-rate="0.5" complexity="11">
          <methods>
            <method name="get_Name" signature="()" line-rate="1" branch-rate="1" complexity="1">
              <lines>
                <line number="29" hits="7187" branch="False" />
              </lines>
            </method>
            <method name="get_Kind" signature="()" line-rate="1" branch-rate="1" complexity="1">
              <lines>
                <line number="30" hits="2619" branch="False" />
              </lines>
            </method>
            <method name="get_Type" signature="()" line-rate="1" branch-rate="1" complexity="1">
              <lines>
                <line number="31" hits="2582" branch="False" />
              </lines>
            </method>
            <method name="get_Span" signature="()" line-rate="1" branch-rate="1" complexity="1">
              <lines>
                <line number="32" hits="2582" branch="False" />
              </lines>
            </method>
            <method name="get_ParentName" signature="()" line-rate="1" branch-rate="1" complexity="1">
              <lines>
                <line number="33" hits="2666" branch="False" />
              </lines>
            </method>
            <method name="get_Parameters" signature="()" line-rate="1" branch-rate="1" complexity="1">
              <lines>
                <line number="34" hits="2582" branch="False" />
              </lines>
            </method>
            <method name="get_TypeParams" signature="()" line-rate="1" branch-rate="1" complexity="1">
              <lines>
                <line number="35" hits="2582" branch="False" />
              </lines>
            </method>
            <method name="ToString" signature="()" line-rate="0" branch-rate="0" complexity="2">
              <lines>
                <line number="38" hits="0" branch="True" condition-coverage="0% (0/2)">
                  <conditions>
                    <condition number="6" type="jump" coverage="0%" />
                  </conditions>
                </line>
                <line number="39" hits="0" branch="False" />
                <line number="40" hits="0" branch="False" />
              </lines>
            </method>
            <method name=".ctor" signature="(System.String,SabakaLang.Compiler.SymbolKind,System.String,SabakaLang.Compiler.Span,System.String,System.String,System.Collections.Generic.IReadOnlyList`1&lt;System.String&gt;)" line-rate="1" branch-rate="1" complexity="2">
              <lines>
                <line number="20" hits="2582" branch="False" />
                <line number="21" hits="2582" branch="False" />
                <line number="22" hits="2582" branch="False" />
                <line number="23" hits="2582" branch="False" />
                <line number="24" hits="2582" branch="False" />
                <line number="25" hits="2582" branch="False" />
                <line number="26" hits="2582" branch="False" />
                <line number="27" hits="2582" branch="False" />
              </lines>
            </method>
          </methods>
          <lines>
            <line number="29" hits="7187" branch="False" />
            <line number="30" hits="2619" branch="False" />
            <line number="31" hits="2582" branch="False" />
            <line number="32" hits="2582" branch="False" />
            <line number="33" hits="2666" branch="False" />
            <line number="34" hits="2582" branch="False" />
            <line number="35" hits="2582" branch="False" />
            <line number="38" hits="0" branch="True" condition-coverage="0% (0/2)">
              <conditions>
                <condition number="6" type="jump" coverage="0%" />
              </conditions>
            </line>
            <line number="39" hits="0" branch="False" />
            <line number="40" hits="0" branch="False" />
            <line number="20" hits="2582" branch="False" />
            <line number="21" hits="2582" branch="False" />
            <line number="22" hits="2582" branch="False" />
            <line number="23" hits="2582" branch="False" />
            <line number="24" hits="2582" branch="False" />
            <line number="25" hits="2582" branch="False" />
            <line number="26" hits="2582" branch="False" />
            <line number="27" hits="2582" branch="False" />
          </lines>
        </class>
        <class name="SabakaLang.Compiler.Scope" filename="SabakaLang.Compiler\Binder.cs" line-rate="0.8571" branch-rate="1" complexity="11">
          <methods>
            <method name="get_Parent" signature="()" line-rate="1" branch-rate="1" complexity="1">
              <lines>
                <line number="45" hits="371" branch="False" />
              </lines>
            </method>
            <method name="get_LocalSymbols" signature="()" line-rate="0" branch-rate="1" complexity="1">
              <lines>
                <line number="47" hits="0" branch="False" />
              </lines>
            </method>
            <method name="Declare" signature="(SabakaLang.Compiler.Symbol)" line-rate="1" branch-rate="1" complexity="2">
              <lines>
                <line number="50" hits="227" branch="False" />
                <line number="51" hits="228" branch="True" condition-coverage="100% (2/2)">
                  <conditions>
                    <condition number="24" type="jump" coverage="100%" />
                  </conditions>
                </line>
                <line number="52" hits="226" branch="False" />
                <line number="53" hits="227" branch="False" />
              </lines>
            </method>
            <method name="Resolve" signature="(System.String)" line-rate="1" branch-rate="1" complexity="4">
              <lines>
                <line number="56" hits="515" branch="False" />
                <line number="57" hits="902" branch="True" condition-coverage="100% (2/2)">
                  <conditions>
                    <condition number="17" type="jump" coverage="100%" />
                  </conditions>
                </line>
                <line number="58" hits="128" branch="True" condition-coverage="100% (2/2)">
                  <conditions>
                    <condition number="30" type="jump" coverage="100%" />
                  </conditions>
                </line>
                <line number="59" hits="515" branch="False" />
              </lines>
            </method>
            <method name="ResolveLocal" signature="(System.String)" line-rate="0" branch-rate="1" complexity="1">
              <lines>
                <line number="62" hits="0" branch="False" />
              </lines>
            </method>
            <method name="ForceReplace" signature="(SabakaLang.Compiler.Symbol)" line-rate="1" branch-rate="1" complexity="1">
              <lines>
                <line number="64" hits="2355" branch="False" />
              </lines>
            </method>
            <method name=".ctor" signature="(SabakaLang.Compiler.Scope)" line-rate="1" branch-rate="1" complexity="1">
              <lines>
                <line number="43" hits="243" branch="False" />
                <line number="46" hits="243" branch="False" />
              </lines>
            </method>
          </methods>
          <lines>
            <line number="45" hits="371" branch="False" />
            <line number="47" hits="0" branch="False" />
            <line number="50" hits="227" branch="False" />
            <line number="51" hits="228" branch="True" condition-coverage="100% (2/2)">
              <conditions>
                <condition number="24" type="jump" coverage="100%" />
              </conditions>
            </line>
            <line number="52" hits="226" branch="False" />
            <line number="53" hits="227" branch="False" />
            <line number="56" hits="515" branch="False" />
            <line number="57" hits="902" branch="True" condition-coverage="100% (2/2)">
              <conditions>
                <condition number="17" type="jump" coverage="100%" />
              </conditions>
            </line>
            <line number="58" hits="128" branch="True" condition-coverage="100% (2/2)">
              <conditions>
                <condition number="30" type="jump" coverage="100%" />
              </conditions>
            </line>
            <line number="59" hits="515" branch="False" />
            <line number="62" hits="0" branch="False" />
            <line number="64" hits="2355" branch="False" />
            <line number="43" hits="243" branch="False" />
            <line number="46" hits="243" branch="False" />
          </lines>
        </class>
        <class name="SabakaLang.Compiler.SymbolTable" filename="SabakaLang.Compiler\Binder.cs" line-rate="0.5832999999999999" branch-rate="0.5" complexity="11">
          <methods>
            <method name="get_All" signature="()" line-rate="0" branch-rate="1" complexity="1">
              <lines>
                <line number="71" hits="0" branch="False" />
              </lines>
            </method>
            <method name="Add" signature="(SabakaLang.Compiler.Symbol)" line-rate="1" branch-rate="1" complexity="1">
              <lines>
                <line number="73" hits="2547" branch="False" />
              </lines>
            </method>
            <method name="AddOrReplace" signature="(SabakaLang.Compiler.Symbol)" line-rate="0.8" branch-rate="0.75" complexity="4">
              <lines>
                <line number="76" hits="35" branch="False" />
                <line number="77" hits="686" branch="True" condition-coverage="100% (2/2)">
                  <conditions>
                    <condition number="22" type="jump" coverage="100%" />
                  </conditions>
                </line>
                <line number="78" hits="70" branch="True" condition-coverage="50% (1/2)">
                  <conditions>
                    <condition number="47" type="jump" coverage="50%" />
                  </conditions>
                </line>
                <line number="79" hits="0" branch="False" />
                <line number="80" hits="35" branch="False" />
              </lines>
            </method>
            <method name="Lookup" signature="(System.String)" line-rate="1" branch-rate="1" complexity="1">
              <lines>
                <line number="83" hits="757" branch="False" />
              </lines>
            </method>
            <method name="MembersOf" signature="(System.String)" line-rate="0" branch-rate="1" complexity="1">
              <lines>
                <line number="86" hits="0" branch="False" />
              </lines>
            </method>
            <method name="SymbolAt" signature="(System.Int32)" line-rate="0" branch-rate="0" complexity="2">
              <lines>
                <line number="89" hits="0" branch="False" />
                <line number="90" hits="0" branch="True" condition-coverage="0% (0/2)">
                  <conditions>
                    <condition number="28" type="jump" coverage="0%" />
                  </conditions>
                </line>
              </lines>
            </method>
            <method name=".ctor" signature="()" line-rate="1" branch-rate="1" complexity="1">
              <lines>
                <line number="69" hits="290" branch="False" />
              </lines>
            </method>
          </methods>
          <lines>
            <line number="71" hits="0" branch="False" />
            <line number="73" hits="2547" branch="False" />
            <line number="76" hits="35" branch="False" />
            <line number="77" hits="686" branch="True" condition-coverage="100% (2/2)">
              <conditions>
                <condition number="22" type="jump" coverage="100%" />
              </conditions>
            </line>
            <line number="78" hits="70" branch="True" condition-coverage="50% (1/2)">
              <conditions>
                <condition number="47" type="jump" coverage="50%" />
              </conditions>
            </line>
            <line number="79" hits="0" branch="False" />
            <line number="80" hits="35" branch="False" />
            <line number="83" hits="757" branch="False" />
            <line number="86" hits="0" branch="False" />
            <line number="89" hits="0" branch="False" />
            <line number="90" hits="0" branch="True" condition-coverage="0% (0/2)">
              <conditions>
                <condition number="28" type="jump" coverage="0%" />
              </conditions>
            </line>
            <line number="69" hits="290" branch="False" />
          </lines>
        </class>
        <class name="SabakaLang.Compiler.BindError" filename="SabakaLang.Compiler\Binder.cs" line-rate="0.5" branch-rate="1" complexity="2">
          <methods>
            <method name="get_Message" signature="()" line-rate="1" branch-rate="1" complexity="1">
              <lines>
                <line number="93" hits="8" branch="False" />
              </lines>
            </method>
            <method name="ToString" signature="()" line-rate="0" branch-rate="1" complexity="1">
              <lines>
                <line number="95" hits="0" branch="False" />
              </lines>
            </method>
          </methods>
          <lines>
            <line number="93" hits="8" branch="False" />
            <line number="95" hits="0" branch="False" />
          </lines>
        </class>
        <class name="SabakaLang.Compiler.BindResult" filename="SabakaLang.Compiler\Binder.cs" line-rate="0.75" branch-rate="1" complexity="4">
          <methods>
            <method name="get_Symbols" signature="()" line-rate="1" branch-rate="1" complexity="1">
              <lines>
                <line number="100" hits="290" branch="False" />
              </lines>
            </method>
            <method name="get_Errors" signature="()" line-rate="1" branch-rate="1" complexity="1">
              <lines>
                <line number="101" hits="290" branch="False" />
              </lines>
            </method>
            <method name="get_HasErrors" signature="()" line-rate="0" branch-rate="1" complexity="1">
              <lines>
                <line number="102" hits="0" branch="False" />
              </lines>
            </method>
            <method name=".ctor" signature="(SabakaLang.Compiler.SymbolTable,System.Collections.Generic.IReadOnlyList`1&lt;SabakaLang.Compiler.BindError&gt;)" line-rate="1" branch-rate="1" complexity="1">
              <lines>
                <line number="98" hits="145" branch="False" />
              </lines>
            </method>
          </methods>
          <lines>
            <line number="100" hits="290" branch="False" />
            <line number="101" hits="290" branch="False" />
            <line number="102" hits="0" branch="False" />
            <line number="98" hits="145" branch="False" />
          </lines>
        </class>
        <class name="SabakaLang.Compiler.Binder" filename="SabakaLang.Compiler\Binder.cs" line-rate="0.8393" branch-rate="0.8608" complexity="202">
          <methods>
            <method name="AddGlobalSymbols" signature="(System.Collections.Generic.IEnumerable`1&lt;SabakaLang.Compiler.Symbol&gt;)" line-rate="1" branch-rate="1" complexity="2">
              <lines>
                <line number="126" hits="145" branch="False" />
                <line number="127" hits="441" branch="True" condition-coverage="100% (2/2)">
                  <conditions>
                    <condition number="52" type="jump" coverage="100%" />
                  </conditions>
                </line>
                <line number="128" hits="3" branch="False" />
                <line number="129" hits="3" branch="False" />
                <line number="130" hits="3" branch="False" />
                <line number="131" hits="3" branch="False" />
                <line number="132" hits="145" branch="False" />
              </lines>
            </method>
            <method name="Bind" signature="(System.Collections.Generic.IReadOnlyList`1&lt;SabakaLang.Compiler.IStmt&gt;)" line-rate="1" branch-rate="1" complexity="4">
              <lines>
                <line number="135" hits="145" branch="False" />
                <line number="136" hits="1039" branch="True" condition-coverage="100% (2/2)">
                  <conditions>
                    <condition number="32" type="jump" coverage="100%" />
                  </conditions>
                </line>
                <line number="137" hits="302" branch="False" />
                <line number="139" hits="1039" branch="True" condition-coverage="100% (2/2)">
                  <conditions>
                    <condition number="78" type="jump" coverage="100%" />
                  </conditions>
                </line>
                <line number="140" hits="302" branch="False" />
                <line number="142" hits="145" branch="False" />
                <line number="143" hits="145" branch="False" />
              </lines>
            </method>
            <method name="RegisterBuiltIns" signature="()" line-rate="1" branch-rate="1" complexity="1">
              <lines>
                <line number="146" hits="145" branch="False" />
                <line number="151" hits="145" branch="False" />
                <line number="152" hits="145" branch="False" />
                <line number="153" hits="145" branch="False" />
                <line number="154" hits="145" branch="False" />
                <line number="155" hits="145" branch="False" />
                <line number="156" hits="145" branch="False" />
                <line number="157" hits="145" branch="False" />
                <line number="158" hits="145" branch="False" />
                <line number="159" hits="145" branch="False" />
                <line number="160" hits="145" branch="False" />
                <line number="161" hits="145" branch="False" />
                <line number="162" hits="145" branch="False" />
                <line number="163" hits="145" branch="False" />
                <line number="164" hits="145" branch="False" />
                <line number="165" hits="145" branch="False" />
                <line number="166" hits="145" branch="False" />
                <line number="167" hits="145" branch="False" />
              </lines>
            </method>
            <method name="HoistTopLevel" signature="(SabakaLang.Compiler.IStmt)" line-rate="0.7777" branch-rate="0.8" complexity="10">
              <lines>
                <line number="170" hits="302" branch="False" />
                <line number="171" hits="302" branch="True" condition-coverage="80% (8/10)">
                  <conditions>
                    <condition number="17" type="jump" coverage="100%" />
                    <condition number="28" type="jump" coverage="100%" />
                    <condition number="42" type="jump" coverage="100%" />
                    <condition number="56" type="jump" coverage="50%" />
                    <condition number="72" type="jump" coverage="50%" />
                  </conditions>
                </line>
                <line number="174" hits="17" branch="False" />
                <line number="175" hits="17" branch="False" />
                <line number="176" hits="17" branch="False" />
                <line number="177" hits="17" branch="False" />
                <line number="178" hits="17" branch="False" />
                <line number="181" hits="30" branch="False" />
                <line number="182" hits="31" branch="False" />
                <line number="183" hits="30" branch="False" />
                <line number="186" hits="1" branch="False" />
                <line number="187" hits="1" branch="False" />
                <line number="188" hits="1" branch="False" />
                <line number="191" hits="0" branch="False" />
                <line number="192" hits="0" branch="False" />
                <line number="195" hits="0" branch="False" />
                <line number="196" hits="0" branch="False" />
                <line number="198" hits="302" branch="False" />
              </lines>
            </method>
            <method name="BindStmt" signature="(SabakaLang.Compiler.IStmt)" line-rate="0.8234999999999999" branch-rate="0.8928" complexity="28">
              <lines>
                <line number="201" hits="382" branch="False" />
                <line number="202" hits="382" branch="True" condition-coverage="89.28% (25/28)">
                  <conditions>
                    <condition number="17" type="jump" coverage="50%" />
                    <condition number="31" type="jump" coverage="100%" />
                    <condition number="45" type="jump" coverage="100%" />
                    <condition number="59" type="jump" coverage="100%" />
                    <condition number="75" type="jump" coverage="100%" />
                    <condition number="91" type="jump" coverage="50%" />
                    <condition number="107" type="jump" coverage="50%" />
                    <condition number="123" type="jump" coverage="100%" />
                    <condition number="139" type="jump" coverage="100%" />
                    <condition number="155" type="jump" coverage="100%" />
                    <condition number="171" type="jump" coverage="100%" />
                    <condition number="187" type="jump" coverage="100%" />
                    <condition number="203" type="jump" coverage="100%" />
                    <condition number="219" type="jump" coverage="100%" />
                  </conditions>
                </line>
                <line number="204" hits="0" branch="False" />
                <line number="205" hits="182" branch="False" />
                <line number="206" hits="34" branch="False" />
                <line number="207" hits="60" branch="False" />
                <line number="208" hits="2" branch="False" />
                <line number="209" hits="0" branch="False" />
                <line number="210" hits="0" branch="False" />
                <line number="211" hits="24" branch="False" />
                <line number="212" hits="6" branch="False" />
                <line number="213" hits="6" branch="False" />
                <line number="214" hits="6" branch="False" />
                <line number="215" hits="6" branch="False" />
                <line number="216" hits="40" branch="False" />
                <line number="217" hits="398" branch="False" />
                <line number="219" hits="382" branch="False" />
              </lines>
            </method>
            <method name="BindImport" signature="(SabakaLang.Compiler.ImportStmt)" line-rate="0" branch-rate="0" complexity="2">
              <lines>
                <line number="222" hits="0" branch="False" />
                <line number="223" hits="0" branch="True" condition-coverage="0% (0/2)">
                  <conditions>
                    <condition number="15" type="jump" coverage="0%" />
                  </conditions>
                </line>
                <line number="224" hits="0" branch="False" />
                <line number="225" hits="0" branch="False" />
                <line number="226" hits="0" branch="False" />
                <line number="227" hits="0" branch="False" />
                <line number="228" hits="0" branch="False" />
              </lines>
            </method>
            <method name="BindVarDecl" signature="(SabakaLang.Compiler.VarDecl,System.String)" line-rate="1" branch-rate="1" complexity="8">
              <lines>
                <line number="231" hits="104" branch="False" />
                <line number="232" hits="197" branch="True" condition-coverage="100% (2/2)">
                  <conditions>
                    <condition number="15" type="jump" coverage="100%" />
                  </conditions>
                </line>
                <line number="234" hits="104" branch="True" condition-coverage="100% (4/4)">
                  <conditions>
                    <condition number="32" type="jump" coverage="100%" />
                    <condition number="41" type="jump" coverage="100%" />
                  </conditions>
                </line>
                <line number="235" hits="104" branch="False" />
                <line number="236" hits="104" branch="False" />
                <line number="238" hits="104" branch="True" condition-coverage="100% (2/2)">
                  <conditions>
                    <condition number="74" type="jump" coverage="100%" />
                  </conditions>
                </line>
                <line number="239" hits="104" branch="False" />
                <line number="240" hits="104" branch="False" />
                <line number="241" hits="104" branch="False" />
              </lines>
            </method>
            <method name="BindFuncDecl" signature="(SabakaLang.Compiler.FuncDecl,System.String)" line-rate="0.8214" branch-rate="0.8332999999999999" complexity="12">
              <lines>
                <line number="244" hits="35" branch="False" />
                <line number="245" hits="35" branch="True" condition-coverage="100% (2/2)">
                  <conditions>
                    <condition number="22" type="jump" coverage="100%" />
                  </conditions>
                </line>
                <line number="247" hits="35" branch="False" />
                <line number="248" hits="35" branch="False" />
                <line number="249" hits="35" branch="False" />
                <line number="250" hits="35" branch="False" />
                <line number="251" hits="35" branch="False" />
                <line number="252" hits="35" branch="False" />
                <line number="254" hits="35" branch="True" condition-coverage="75% (3/4)">
                  <conditions>
                    <condition number="180" type="jump" coverage="100%" />
                    <condition number="193" type="jump" coverage="50%" />
                  </conditions>
                </line>
                <line number="255" hits="0" branch="False" />
                <line number="257" hits="35" branch="False" />
                <line number="258" hits="35" branch="False" />
                <line number="260" hits="35" branch="False" />
                <line number="261" hits="35" branch="False" />
                <line number="262" hits="105" branch="True" condition-coverage="50% (1/2)">
                  <conditions>
                    <condition number="104" type="jump" coverage="50%" />
                  </conditions>
                </line>
                <line number="263" hits="0" branch="False" />
                <line number="264" hits="0" branch="False" />
                <line number="265" hits="0" branch="False" />
                <line number="266" hits="0" branch="False" />
                <line number="267" hits="143" branch="True" condition-coverage="100% (2/2)">
                  <conditions>
                    <condition number="236" type="jump" coverage="100%" />
                  </conditions>
                </line>
                <line number="268" hits="19" branch="False" />
                <line number="269" hits="19" branch="False" />
                <line number="270" hits="19" branch="False" />
                <line number="271" hits="19" branch="False" />
                <line number="272" hits="240" branch="True" condition-coverage="100% (2/2)">
                  <conditions>
                    <condition number="306" type="jump" coverage="100%" />
                  </conditions>
                </line>
                <line number="273" hits="70" branch="False" />
                <line number="275" hits="35" branch="False" />
                <line number="276" hits="35" branch="False" />
              </lines>
            </method>
            <method name="BindClassDecl" signature="(SabakaLang.Compiler.ClassDecl)" line-rate="0.9142" branch-rate="0.8125" complexity="16">
              <lines>
                <line number="279" hits="30" branch="False" />
                <line number="280" hits="30" branch="True" condition-coverage="75% (3/4)">
                  <conditions>
                    <condition number="32" type="jump" coverage="100%" />
                    <condition number="64" type="jump" coverage="50%" />
                  </conditions>
                </line>
                <line number="281" hits="0" branch="False" />
                <line number="283" hits="90" branch="True" condition-coverage="50% (1/2)">
                  <conditions>
                    <condition number="220" type="jump" coverage="50%" />
                  </conditions>
                </line>
                <line number="284" hits="0" branch="True" condition-coverage="50% (1/2)">
                  <conditions>
                    <condition number="168" type="jump" coverage="50%" />
                  </conditions>
                </line>
                <line number="285" hits="0" branch="False" />
                <line number="287" hits="30" branch="False" />
                <line number="288" hits="30" branch="False" />
                <line number="290" hits="30" branch="False" />
                <line number="291" hits="30" branch="False" />
                <line number="292" hits="92" branch="True" condition-coverage="100% (2/2)">
                  <conditions>
                    <condition number="105" type="jump" coverage="100%" />
                  </conditions>
                </line>
                <line number="293" hits="1" branch="False" />
                <line number="294" hits="1" branch="False" />
                <line number="295" hits="1" branch="False" />
                <line number="296" hits="1" branch="False" />
                <line number="297" hits="30" branch="False" />
                <line number="298" hits="30" branch="False" />
                <line number="299" hits="30" branch="False" />
                <line number="300" hits="30" branch="False" />
                <line number="301" hits="30" branch="False" />
                <line number="302" hits="126" branch="True" condition-coverage="100% (2/2)">
                  <conditions>
                    <condition number="382" type="jump" coverage="100%" />
                  </conditions>
                </line>
                <line number="303" hits="18" branch="False" />
                <line number="304" hits="18" branch="False" />
                <line number="305" hits="18" branch="False" />
                <line number="306" hits="18" branch="False" />
                <line number="307" hits="18" branch="False" />
                <line number="308" hits="18" branch="False" />
                <line number="309" hits="18" branch="False" />
                <line number="310" hits="18" branch="False" />
                <line number="311" hits="30" branch="False" />
                <line number="312" hits="129" branch="True" condition-coverage="100% (2/2)">
                  <conditions>
                    <condition number="466" type="jump" coverage="100%" />
                  </conditions>
                </line>
                <line number="313" hits="144" branch="True" condition-coverage="100% (2/2)">
                  <conditions>
                    <condition number="547" type="jump" coverage="100%" />
                  </conditions>
                </line>
                <line number="314" hits="60" branch="False" />
                <line number="316" hits="30" branch="False" />
                <line number="317" hits="30" branch="False" />
              </lines>
            </method>
            <method name="BindInterfaceDecl" signature="(SabakaLang.Compiler.InterfaceDecl)" line-rate="0.7391" branch-rate="0.625" complexity="8">
              <lines>
                <line number="320" hits="1" branch="False" />
                <line number="321" hits="3" branch="True" condition-coverage="50% (1/2)">
                  <conditions>
                    <condition number="120" type="jump" coverage="50%" />
                  </conditions>
                </line>
                <line number="322" hits="0" branch="True" condition-coverage="50% (1/2)">
                  <conditions>
                    <condition number="68" type="jump" coverage="50%" />
                  </conditions>
                </line>
                <line number="323" hits="0" branch="False" />
                <line number="325" hits="1" branch="False" />
                <line number="326" hits="1" branch="False" />
                <line number="328" hits="1" branch="False" />
                <line number="329" hits="1" branch="False" />
                <line number="330" hits="3" branch="True" condition-coverage="50% (1/2)">
                  <conditions>
                    <condition number="104" type="jump" coverage="50%" />
                  </conditions>
                </line>
                <line number="331" hits="0" branch="False" />
                <line number="332" hits="0" branch="False" />
                <line number="333" hits="0" branch="False" />
                <line number="334" hits="0" branch="False" />
                <line number="335" hits="1" branch="False" />
                <line number="336" hits="5" branch="True" condition-coverage="100% (2/2)">
                  <conditions>
                    <condition number="249" type="jump" coverage="100%" />
                  </conditions>
                </line>
                <line number="337" hits="1" branch="False" />
                <line number="338" hits="1" branch="False" />
                <line number="339" hits="1" branch="False" />
                <line number="340" hits="1" branch="False" />
                <line number="341" hits="1" branch="False" />
                <line number="342" hits="2" branch="False" />
                <line number="344" hits="1" branch="False" />
                <line number="345" hits="1" branch="False" />
              </lines>
            </method>
            <method name="BindStructDecl" signature="(SabakaLang.Compiler.StructDecl)" line-rate="0" branch-rate="0" complexity="2">
              <lines>
                <line number="348" hits="0" branch="False" />
                <line number="349" hits="0" branch="False" />
                <line number="350" hits="0" branch="False" />
                <line number="352" hits="0" branch="False" />
                <line number="353" hits="0" branch="False" />
                <line number="354" hits="0" branch="True" condition-coverage="0% (0/2)">
                  <conditions>
                    <condition number="60" type="jump" coverage="0%" />
                  </conditions>
                </line>
                <line number="355" hits="0" branch="False" />
                <line number="356" hits="0" branch="False" />
                <line number="358" hits="0" branch="False" />
                <line number="359" hits="0" branch="False" />
              </lines>
            </method>
            <method name="BindEnumDecl" signature="(SabakaLang.Compiler.EnumDecl)" line-rate="0" branch-rate="0" complexity="2">
              <lines>
                <line number="362" hits="0" branch="False" />
                <line number="363" hits="0" branch="True" condition-coverage="0% (0/2)">
                  <conditions>
                    <condition number="84" type="jump" coverage="0%" />
                  </conditions>
                </line>
                <line number="364" hits="0" branch="False" />
                <line number="365" hits="0" branch="False" />
                <line number="366" hits="0" branch="False" />
                <line number="367" hits="0" branch="False" />
                <line number="368" hits="0" branch="False" />
              </lines>
            </method>
            <method name="BindIf" signature="(SabakaLang.Compiler.IfStmt)" line-rate="1" branch-rate="1" complexity="6">
              <lines>
                <line number="371" hits="12" branch="False" />
                <line number="372" hits="12" branch="False" />
                <line number="373" hits="108" branch="True" condition-coverage="100% (2/2)">
                  <conditions>
                    <condition number="49" type="jump" coverage="100%" />
                  </conditions>
                </line>
                <line number="374" hits="12" branch="True" condition-coverage="100% (2/2)">
                  <conditions>
                    <condition number="77" type="jump" coverage="100%" />
                  </conditions>
                </line>
                <line number="375" hits="36" branch="True" condition-coverage="100% (2/2)">
                  <conditions>
                    <condition number="49" type="jump" coverage="100%" />
                  </conditions>
                </line>
                <line number="376" hits="12" branch="False" />
              </lines>
            </method>
            <method name="BindWhile" signature="(SabakaLang.Compiler.WhileStmt)" line-rate="1" branch-rate="1" complexity="2">
              <lines>
                <line number="379" hits="3" branch="False" />
                <line number="380" hits="3" branch="False" />
                <line number="381" hits="30" branch="True" condition-coverage="100% (2/2)">
                  <conditions>
                    <condition number="49" type="jump" coverage="100%" />
                  </conditions>
                </line>
                <line number="382" hits="3" branch="False" />
              </lines>
            </method>
            <method name="BindFor" signature="(SabakaLang.Compiler.ForStmt)" line-rate="1" branch-rate="1" complexity="8">
              <lines>
                <line number="385" hits="3" branch="False" />
                <line number="386" hits="3" branch="False" />
                <line number="387" hits="3" branch="False" />
                <line number="388" hits="6" branch="True" condition-coverage="100% (2/2)">
                  <conditions>
                    <condition number="20" type="jump" coverage="100%" />
                  </conditions>
                </line>
                <line number="389" hits="6" branch="True" condition-coverage="100% (2/2)">
                  <conditions>
                    <condition number="64" type="jump" coverage="100%" />
                  </conditions>
                </line>
                <line number="390" hits="6" branch="True" condition-coverage="100% (2/2)">
                  <conditions>
                    <condition number="108" type="jump" coverage="100%" />
                  </conditions>
                </line>
                <line number="391" hits="15" branch="True" condition-coverage="100% (2/2)">
                  <conditions>
                    <condition number="183" type="jump" coverage="100%" />
                  </conditions>
                </line>
                <line number="392" hits="6" branch="False" />
                <line number="393" hits="3" branch="False" />
              </lines>
            </method>
            <method name="BindForeach" signature="(SabakaLang.Compiler.ForeachStmt)" line-rate="1" branch-rate="1" complexity="2">
              <lines>
                <line number="396" hits="3" branch="False" />
                <line number="397" hits="3" branch="False" />
                <line number="398" hits="3" branch="False" />
                <line number="399" hits="3" branch="False" />
                <line number="400" hits="3" branch="False" />
                <line number="401" hits="3" branch="False" />
                <line number="402" hits="3" branch="False" />
                <line number="403" hits="18" branch="True" condition-coverage="100% (2/2)">
                  <conditions>
                    <condition number="129" type="jump" coverage="100%" />
                  </conditions>
                </line>
                <line number="404" hits="6" branch="False" />
                <line number="405" hits="3" branch="False" />
              </lines>
            </method>
            <method name="BindSwitch" signature="(SabakaLang.Compiler.SwitchStmt)" line-rate="1" branch-rate="1" complexity="6">
              <lines>
                <line number="408" hits="3" branch="False" />
                <line number="409" hits="3" branch="False" />
                <line number="410" hits="23" branch="True" condition-coverage="100% (2/2)">
                  <conditions>
                    <condition number="122" type="jump" coverage="100%" />
                  </conditions>
                </line>
                <line number="411" hits="7" branch="False" />
                <line number="412" hits="13" branch="True" condition-coverage="100% (2/2)">
                  <conditions>
                    <condition number="75" type="jump" coverage="100%" />
                  </conditions>
                </line>
                <line number="413" hits="63" branch="True" condition-coverage="100% (2/2)">
                  <conditions>
                    <condition number="49" type="jump" coverage="100%" />
                  </conditions>
                </line>
                <line number="414" hits="7" branch="False" />
                <line number="415" hits="3" branch="False" />
              </lines>
            </method>
            <method name="BindReturn" signature="(SabakaLang.Compiler.ReturnStmt)" line-rate="0.6666" branch-rate="0.5832999999999999" complexity="12">
              <lines>
                <line number="418" hits="20" branch="False" />
                <line number="419" hits="40" branch="True" condition-coverage="100% (2/2)">
                  <conditions>
                    <condition number="15" type="jump" coverage="100%" />
                  </conditions>
                </line>
                <line number="421" hits="20" branch="True" condition-coverage="50% (1/2)">
                  <conditions>
                    <condition number="41" type="jump" coverage="50%" />
                  </conditions>
                </line>
                <line number="422" hits="0" branch="False" />
                <line number="423" hits="20" branch="True" condition-coverage="50% (2/4)">
                  <conditions>
                    <condition number="80" type="jump" coverage="50%" />
                    <condition number="103" type="jump" coverage="50%" />
                  </conditions>
                </line>
                <line number="424" hits="0" branch="False" />
                <line number="425" hits="20" branch="True" condition-coverage="50% (2/4)">
                  <conditions>
                    <condition number="155" type="jump" coverage="50%" />
                    <condition number="180" type="jump" coverage="50%" />
                  </conditions>
                </line>
                <line number="426" hits="0" branch="False" />
                <line number="427" hits="20" branch="False" />
              </lines>
            </method>
            <method name="BindExpr" signature="(SabakaLang.Compiler.IExpr)" line-rate="0.9" branch-rate="0.9464" complexity="56">
              <lines>
                <line number="430" hits="1112" branch="False" />
                <line number="431" hits="1112" branch="True" condition-coverage="100% (38/38)">
                  <conditions>
                    <condition number="15" type="jump" coverage="100%" />
                    <condition number="27" type="jump" coverage="100%" />
                    <condition number="39" type="jump" coverage="100%" />
                    <condition number="51" type="jump" coverage="100%" />
                    <condition number="63" type="jump" coverage="100%" />
                    <condition number="77" type="jump" coverage="100%" />
                    <condition number="91" type="jump" coverage="100%" />
                    <condition number="105" type="jump" coverage="100%" />
                    <condition number="119" type="jump" coverage="100%" />
                    <condition number="135" type="jump" coverage="100%" />
                    <condition number="151" type="jump" coverage="100%" />
                    <condition number="167" type="jump" coverage="100%" />
                    <condition number="183" type="jump" coverage="100%" />
                    <condition number="199" type="jump" coverage="100%" />
                    <condition number="215" type="jump" coverage="100%" />
                    <condition number="231" type="jump" coverage="100%" />
                    <condition number="247" type="jump" coverage="100%" />
                    <condition number="263" type="jump" coverage="100%" />
                    <condition number="279" type="jump" coverage="100%" />
                  </conditions>
                </line>
                <line number="438" hits="318" branch="False" />
                <line number="441" hits="355" branch="True" condition-coverage="100% (2/2)">
                  <conditions>
                    <condition number="320" type="jump" coverage="100%" />
                  </conditions>
                </line>
                <line number="442" hits="3" branch="False" />
                <line number="443" hits="355" branch="False" />
                <line number="446" hits="5" branch="False" />
                <line number="447" hits="5" branch="False" />
                <line number="448" hits="5" branch="False" />
                <line number="449" hits="5" branch="True" condition-coverage="75% (3/4)">
                  <conditions>
                    <condition number="411" type="jump" coverage="100%" />
                    <condition number="436" type="jump" coverage="50%" />
                  </conditions>
                </line>
                <line number="450" hits="5" branch="False" />
                <line number="451" hits="0" branch="False" />
                <line number="452" hits="0" branch="False" />
                <line number="453" hits="0" branch="False" />
                <line number="454" hits="5" branch="False" />
                <line number="458" hits="88" branch="False" />
                <line number="459" hits="88" branch="False" />
                <line number="460" hits="88" branch="False" />
                <line number="463" hits="8" branch="False" />
                <line number="464" hits="8" branch="False" />
                <line number="467" hits="26" branch="False" />
                <line number="468" hits="26" branch="False" />
                <line number="469" hits="26" branch="False" />
                <line number="472" hits="202" branch="False" />
                <line number="473" hits="1146" branch="True" condition-coverage="100% (2/2)">
                  <conditions>
                    <condition number="630" type="jump" coverage="100%" />
                  </conditions>
                </line>
                <line number="474" hits="202" branch="False" />
                <line number="477" hits="39" branch="False" />
                <line number="478" hits="39" branch="False" />
                <line number="481" hits="14" branch="False" />
                <line number="482" hits="14" branch="False" />
                <line number="483" hits="14" branch="False" />
                <line number="486" hits="150" branch="True" condition-coverage="100% (2/2)">
                  <conditions>
                    <condition number="754" type="jump" coverage="100%" />
                  </conditions>
                </line>
                <line number="487" hits="14" branch="False" />
                <line number="490" hits="23" branch="True" condition-coverage="50% (1/2)">
                  <conditions>
                    <condition number="805" type="jump" coverage="50%" />
                  </conditions>
                </line>
                <line number="491" hits="0" branch="False" />
                <line number="492" hits="81" branch="True" condition-coverage="100% (2/2)">
                  <conditions>
                    <condition number="894" type="jump" coverage="100%" />
                  </conditions>
                </line>
                <line number="493" hits="23" branch="False" />
                <line number="496" hits="2" branch="True" condition-coverage="50% (1/2)">
                  <conditions>
                    <condition number="933" type="jump" coverage="50%" />
                  </conditions>
                </line>
                <line number="497" hits="0" branch="False" />
                <line number="498" hits="2" branch="False" />
                <line number="501" hits="1" branch="False" />
                <line number="502" hits="1" branch="False" />
                <line number="503" hits="1" branch="False" />
                <line number="504" hits="1" branch="False" />
                <line number="507" hits="135" branch="True" condition-coverage="100% (2/2)">
                  <conditions>
                    <condition number="1058" type="jump" coverage="100%" />
                  </conditions>
                </line>
                <line number="508" hits="15" branch="False" />
                <line number="511" hits="2" branch="False" />
                <line number="512" hits="2" branch="False" />
                <line number="513" hits="2" branch="False" />
                <line number="515" hits="1112" branch="False" />
              </lines>
            </method>
            <method name="WithScope" signature="(System.Action)" line-rate="1" branch-rate="1" complexity="1">
              <lines>
                <line number="518" hits="98" branch="False" />
                <line number="519" hits="98" branch="False" />
                <line number="520" hits="98" branch="False" />
                <line number="521" hits="98" branch="False" />
                <line number="522" hits="98" branch="False" />
                <line number="523" hits="98" branch="False" />
              </lines>
            </method>
            <method name="DeclareSymbol" signature="(SabakaLang.Compiler.Symbol,SabakaLang.Compiler.Position)" line-rate="1" branch-rate="1" complexity="2">
              <lines>
                <line number="526" hits="128" branch="False" />
                <line number="527" hits="128" branch="True" condition-coverage="100% (2/2)">
                  <conditions>
                    <condition number="18" type="jump" coverage="100%" />
                  </conditions>
                </line>
                <line number="528" hits="1" branch="False" />
                <line number="529" hits="128" branch="False" />
                <line number="530" hits="128" branch="False" />
              </lines>
            </method>
            <method name="DeclareGlobal" signature="(System.String,SabakaLang.Compiler.SymbolKind,System.String,SabakaLang.Compiler.Span,System.String,System.String[])" line-rate="1" branch-rate="1" complexity="1">
              <lines>
                <line number="534" hits="2320" branch="False" />
                <line number="535" hits="2320" branch="False" />
                <line number="536" hits="2320" branch="False" />
                <line number="537" hits="2320" branch="False" />
                <line number="538" hits="2320" branch="False" />
              </lines>
            </method>
            <method name="DeclareIfAbsent" signature="(System.String,SabakaLang.Compiler.SymbolKind,System.String,SabakaLang.Compiler.Span,System.String,System.String[])" line-rate="1" branch-rate="1" complexity="2">
              <lines>
                <line number="542" hits="48" branch="False" />
                <line number="543" hits="48" branch="True" condition-coverage="100% (2/2)">
                  <conditions>
                    <condition number="21" type="jump" coverage="100%" />
                  </conditions>
                </line>
                <line number="544" hits="48" branch="False" />
                <line number="545" hits="48" branch="False" />
                <line number="546" hits="48" branch="False" />
                <line number="547" hits="48" branch="False" />
                <line number="548" hits="48" branch="False" />
              </lines>
            </method>
            <method name="AddError" signature="(System.String,SabakaLang.Compiler.Position)" line-rate="1" branch-rate="1" complexity="1">
              <lines>
                <line number="551" hits="4" branch="False" />
              </lines>
            </method>
            <method name="TypeRefToString" signature="(SabakaLang.Compiler.TypeRef)" line-rate="1" branch-rate="1" complexity="4">
              <lines>
                <line number="554" hits="270" branch="False" />
                <line number="555" hits="270" branch="False" />
                <line number="556" hits="270" branch="True" condition-coverage="100% (2/2)">
                  <conditions>
                    <condition number="29" type="jump" coverage="100%" />
                  </conditions>
                </line>
                <line number="557" hits="1" branch="False" />
                <line number="558" hits="1" branch="False" />
                <line number="559" hits="1" branch="False" />
                <line number="560" hits="1" branch="False" />
                <line number="561" hits="1" branch="False" />
                <line number="562" hits="291" branch="True" condition-coverage="100% (2/2)">
                  <conditions>
                    <condition number="82" type="jump" coverage="100%" />
                  </conditions>
                </line>
                <line number="563" hits="270" branch="False" />
                <line number="564" hits="270" branch="False" />
              </lines>
            </method>
            <method name="ParamsString" signature="(System.Collections.Generic.IEnumerable`1&lt;SabakaLang.Compiler.Param&gt;)" line-rate="1" branch-rate="1" complexity="1">
              <lines>
                <line number="567" hits="109" branch="False" />
              </lines>
            </method>
            <method name="&lt;RegisterBuiltIns&gt;g__B|10_0" signature="(System.String,System.String,System.String)" line-rate="1" branch-rate="1" complexity="1">
              <lines>
                <line number="148" hits="2320" branch="False" />
                <line number="149" hits="2320" branch="False" />
              </lines>
            </method>
            <method name=".ctor" signature="()" line-rate="1" branch-rate="1" complexity="1">
              <lines>
                <line number="109" hits="145" branch="False" />
                <line number="110" hits="145" branch="False" />
                <line number="118" hits="145" branch="False" />
                <line number="119" hits="145" branch="False" />
                <line number="120" hits="145" branch="False" />
                <line number="121" hits="145" branch="False" />
                <line number="122" hits="145" branch="False" />
                <line number="123" hits="145" branch="False" />
              </lines>
            </method>
            <method name=".cctor" signature="()" line-rate="1" branch-rate="1" complexity="1">
              <lines>
                <line number="115" hits="1" branch="False" />
                <line number="116" hits="1" branch="False" />
              </lines>
            </method>
          </methods>
          <lines>
            <line number="126" hits="145" branch="False" />
            <line number="127" hits="441" branch="True" condition-coverage="100% (2/2)">
              <conditions>
                <condition number="52" type="jump" coverage="100%" />
              </conditions>
            </line>
            <line number="128" hits="3" branch="False" />
            <line number="129" hits="3" branch="False" />
            <line number="130" hits="3" branch="False" />
            <line number="131" hits="3" branch="False" />
            <line number="132" hits="145" branch="False" />
            <line number="135" hits="145" branch="False" />
            <line number="136" hits="1039" branch="True" condition-coverage="100% (2/2)">
              <conditions>
                <condition number="32" type="jump" coverage="100%" />
              </conditions>
            </line>
            <line number="137" hits="302" branch="False" />
            <line number="139" hits="1039" branch="True" condition-coverage="100% (2/2)">
              <conditions>
                <condition number="78" type="jump" coverage="100%" />
              </conditions>
            </line>
            <line number="140" hits="302" branch="False" />
            <line number="142" hits="145" branch="False" />
            <line number="143" hits="145" branch="False" />
            <line number="146" hits="145" branch="False" />
            <line number="151" hits="145" branch="False" />
            <line number="152" hits="145" branch="False" />
            <line number="153" hits="145" branch="False" />
            <line number="154" hits="145" branch="False" />
            <line number="155" hits="145" branch="False" />
            <line number="156" hits="145" branch="False" />
            <line number="157" hits="145" branch="False" />
            <line number="158" hits="145" branch="False" />
            <line number="159" hits="145" branch="False" />
            <line number="160" hits="145" branch="False" />
            <line number="161" hits="145" branch="False" />
            <line number="162" hits="145" branch="False" />
            <line number="163" hits="145" branch="False" />
            <line number="164" hits="145" branch="False" />
            <line number="165" hits="145" branch="False" />
            <line number="166" hits="145" branch="False" />
            <line number="167" hits="145" branch="False" />
            <line number="170" hits="302" branch="False" />
            <line number="171" hits="302" branch="True" condition-coverage="80% (8/10)">
              <conditions>
                <condition number="17" type="jump" coverage="100%" />
                <condition number="28" type="jump" coverage="100%" />
                <condition number="42" type="jump" coverage="100%" />
                <condition number="56" type="jump" coverage="50%" />
                <condition number="72" type="jump" coverage="50%" />
              </conditions>
            </line>
            <line number="174" hits="17" branch="False" />
            <line number="175" hits="17" branch="False" />
            <line number="176" hits="17" branch="False" />
            <line number="177" hits="17" branch="False" />
            <line number="178" hits="17" branch="False" />
            <line number="181" hits="30" branch="False" />
            <line number="182" hits="31" branch="False" />
            <line number="183" hits="30" branch="False" />
            <line number="186" hits="1" branch="False" />
            <line number="187" hits="1" branch="False" />
            <line number="188" hits="1" branch="False" />
            <line number="191" hits="0" branch="False" />
            <line number="192" hits="0" branch="False" />
            <line number="195" hits="0" branch="False" />
            <line number="196" hits="0" branch="False" />
            <line number="198" hits="302" branch="False" />
            <line number="201" hits="382" branch="False" />
            <line number="202" hits="382" branch="True" condition-coverage="89.28% (25/28)">
              <conditions>
                <condition number="17" type="jump" coverage="50%" />
                <condition number="31" type="jump" coverage="100%" />
                <condition number="45" type="jump" coverage="100%" />
                <condition number="59" type="jump" coverage="100%" />
                <condition number="75" type="jump" coverage="100%" />
                <condition number="91" type="jump" coverage="50%" />
                <condition number="107" type="jump" coverage="50%" />
                <condition number="123" type="jump" coverage="100%" />
                <condition number="139" type="jump" coverage="100%" />
                <condition number="155" type="jump" coverage="100%" />
                <condition number="171" type="jump" coverage="100%" />
                <condition number="187" type="jump" coverage="100%" />
                <condition number="203" type="jump" coverage="100%" />
                <condition number="219" type="jump" coverage="100%" />
              </conditions>
            </line>
            <line number="204" hits="0" branch="False" />
            <line number="205" hits="182" branch="False" />
            <line number="206" hits="34" branch="False" />
            <line number="207" hits="60" branch="False" />
            <line number="208" hits="2" branch="False" />
            <line number="209" hits="0" branch="False" />
            <line number="210" hits="0" branch="False" />
            <line number="211" hits="24" branch="False" />
            <line number="212" hits="6" branch="False" />
            <line number="213" hits="6" branch="False" />
            <line number="214" hits="6" branch="False" />
            <line number="215" hits="6" branch="False" />
            <line number="216" hits="40" branch="False" />
            <line number="217" hits="398" branch="False" />
            <line number="219" hits="382" branch="False" />
            <line number="222" hits="0" branch="False" />
            <line number="223" hits="0" branch="True" condition-coverage="0% (0/2)">
              <conditions>
                <condition number="15" type="jump" coverage="0%" />
              </conditions>
            </line>
            <line number="224" hits="0" branch="False" />
            <line number="225" hits="0" branch="False" />
            <line number="226" hits="0" branch="False" />
            <line number="227" hits="0" branch="False" />
            <line number="228" hits="0" branch="False" />
            <line number="231" hits="104" branch="False" />
            <line number="232" hits="197" branch="True" condition-coverage="100% (2/2)">
              <conditions>
                <condition number="15" type="jump" coverage="100%" />
              </conditions>
            </line>
            <line number="234" hits="104" branch="True" condition-coverage="100% (4/4)">
              <conditions>
                <condition number="32" type="jump" coverage="100%" />
                <condition number="41" type="jump" coverage="100%" />
              </conditions>
            </line>
            <line number="235" hits="104" branch="False" />
            <line number="236" hits="104" branch="False" />
            <line number="238" hits="104" branch="True" condition-coverage="100% (2/2)">
              <conditions>
                <condition number="74" type="jump" coverage="100%" />
              </conditions>
            </line>
            <line number="239" hits="104" branch="False" />
            <line number="240" hits="104" branch="False" />
            <line number="241" hits="104" branch="False" />
            <line number="244" hits="35" branch="False" />
            <line number="245" hits="35" branch="True" condition-coverage="100% (2/2)">
              <conditions>
                <condition number="22" type="jump" coverage="100%" />
              </conditions>
            </line>
            <line number="247" hits="35" branch="False" />
            <line number="248" hits="35" branch="False" />
            <line number="249" hits="35" branch="False" />
            <line number="250" hits="35" branch="False" />
            <line number="251" hits="35" branch="False" />
            <line number="252" hits="35" branch="False" />
            <line number="254" hits="35" branch="True" condition-coverage="75% (3/4)">
              <conditions>
                <condition number="180" type="jump" coverage="100%" />
                <condition number="193" type="jump" coverage="50%" />
              </conditions>
            </line>
            <line number="255" hits="0" branch="False" />
            <line number="257" hits="35" branch="False" />
            <line number="258" hits="35" branch="False" />
            <line number="260" hits="35" branch="False" />
            <line number="261" hits="35" branch="False" />
            <line number="262" hits="105" branch="True" condition-coverage="50% (1/2)">
              <conditions>
                <condition number="104" type="jump" coverage="50%" />
              </conditions>
            </line>
            <line number="263" hits="0" branch="False" />
            <line number="264" hits="0" branch="False" />
            <line number="265" hits="0" branch="False" />
            <line number="266" hits="0" branch="False" />
            <line number="267" hits="143" branch="True" condition-coverage="100% (2/2)">
              <conditions>
                <condition number="236" type="jump" coverage="100%" />
              </conditions>
            </line>
            <line number="268" hits="19" branch="False" />
            <line number="269" hits="19" branch="False" />
            <line number="270" hits="19" branch="False" />
            <line number="271" hits="19" branch="False" />
            <line number="272" hits="240" branch="True" condition-coverage="100% (2/2)">
              <conditions>
                <condition number="306" type="jump" coverage="100%" />
              </conditions>
            </line>
            <line number="273" hits="70" branch="False" />
            <line number="275" hits="35" branch="False" />
            <line number="276" hits="35" branch="False" />
            <line number="279" hits="30" branch="False" />
            <line number="280" hits="30" branch="True" condition-coverage="75% (3/4)">
              <conditions>
                <condition number="32" type="jump" coverage="100%" />
                <condition number="64" type="jump" coverage="50%" />
              </conditions>
            </line>
            <line number="281" hits="0" branch="False" />
            <line number="283" hits="90" branch="True" condition-coverage="50% (1/2)">
              <conditions>
                <condition number="220" type="jump" coverage="50%" />
              </conditions>
            </line>
            <line number="284" hits="0" branch="True" condition-coverage="50% (1/2)">
              <conditions>
                <condition number="168" type="jump" coverage="50%" />
              </conditions>
            </line>
            <line number="285" hits="0" branch="False" />
            <line number="287" hits="30" branch="False" />
            <line number="288" hits="30" branch="False" />
            <line number="290" hits="30" branch="False" />
            <line number="291" hits="30" branch="False" />
            <line number="292" hits="92" branch="True" condition-coverage="100% (2/2)">
              <conditions>
                <condition number="105" type="jump" coverage="100%" />
              </conditions>
            </line>
            <line number="293" hits="1" branch="False" />
            <line number="294" hits="1" branch="False" />
            <line number="295" hits="1" branch="False" />
            <line number="296" hits="1" branch="False" />
            <line number="297" hits="30" branch="False" />
            <line number="298" hits="30" branch="False" />
            <line number="299" hits="30" branch="False" />
            <line number="300" hits="30" branch="False" />
            <line number="301" hits="30" branch="False" />
            <line number="302" hits="126" branch="True" condition-coverage="100% (2/2)">
              <conditions>
                <condition number="382" type="jump" coverage="100%" />
              </conditions>
            </line>
            <line number="303" hits="18" branch="False" />
            <line number="304" hits="18" branch="False" />
            <line number="305" hits="18" branch="False" />
            <line number="306" hits="18" branch="False" />
            <line number="307" hits="18" branch="False" />
            <line number="308" hits="18" branch="False" />
            <line number="309" hits="18" branch="False" />
            <line number="310" hits="18" branch="False" />
            <line number="311" hits="30" branch="False" />
            <line number="312" hits="129" branch="True" condition-coverage="100% (2/2)">
              <conditions>
                <condition number="466" type="jump" coverage="100%" />
              </conditions>
            </line>
            <line number="313" hits="144" branch="True" condition-coverage="100% (2/2)">
              <conditions>
                <condition number="547" type="jump" coverage="100%" />
              </conditions>
            </line>
            <line number="314" hits="60" branch="False" />
            <line number="316" hits="30" branch="False" />
            <line number="317" hits="30" branch="False" />
            <line number="320" hits="1" branch="False" />
            <line number="321" hits="3" branch="True" condition-coverage="50% (1/2)">
              <conditions>
                <condition number="120" type="jump" coverage="50%" />
              </conditions>
            </line>
            <line number="322" hits="0" branch="True" condition-coverage="50% (1/2)">
              <conditions>
                <condition number="68" type="jump" coverage="50%" />
              </conditions>
            </line>
            <line number="323" hits="0" branch="False" />
            <line number="325" hits="1" branch="False" />
            <line number="326" hits="1" branch="False" />
            <line number="328" hits="1" branch="False" />
            <line number="329" hits="1" branch="False" />
            <line number="330" hits="3" branch="True" condition-coverage="50% (1/2)">
              <conditions>
                <condition number="104" type="jump" coverage="50%" />
              </conditions>
            </line>
            <line number="331" hits="0" branch="False" />
            <line number="332" hits="0" branch="False" />
            <line number="333" hits="0" branch="False" />
            <line number="334" hits="0" branch="False" />
            <line number="335" hits="1" branch="False" />
            <line number="336" hits="5" branch="True" condition-coverage="100% (2/2)">
              <conditions>
                <condition number="249" type="jump" coverage="100%" />
              </conditions>
            </line>
            <line number="337" hits="1" branch="False" />
            <line number="338" hits="1" branch="False" />
            <line number="339" hits="1" branch="False" />
            <line number="340" hits="1" branch="False" />
            <line number="341" hits="1" branch="False" />
            <line number="342" hits="2" branch="False" />
            <line number="344" hits="1" branch="False" />
            <line number="345" hits="1" branch="False" />
            <line number="348" hits="0" branch="False" />
            <line number="349" hits="0" branch="False" />
            <line number="350" hits="0" branch="False" />
            <line number="352" hits="0" branch="False" />
            <line number="353" hits="0" branch="False" />
            <line number="354" hits="0" branch="True" condition-coverage="0% (0/2)">
              <conditions>
                <condition number="60" type="jump" coverage="0%" />
              </conditions>
            </line>
            <line number="355" hits="0" branch="False" />
            <line number="356" hits="0" branch="False" />
            <line number="358" hits="0" branch="False" />
            <line number="359" hits="0" branch="False" />
            <line number="362" hits="0" branch="False" />
            <line number="363" hits="0" branch="True" condition-coverage="0% (0/2)">
              <conditions>
                <condition number="84" type="jump" coverage="0%" />
              </conditions>
            </line>
            <line number="364" hits="0" branch="False" />
            <line number="365" hits="0" branch="False" />
            <line number="366" hits="0" branch="False" />
            <line number="367" hits="0" branch="False" />
            <line number="368" hits="0" branch="False" />
            <line number="371" hits="12" branch="False" />
            <line number="372" hits="12" branch="False" />
            <line number="373" hits="108" branch="True" condition-coverage="100% (2/2)">
              <conditions>
                <condition number="49" type="jump" coverage="100%" />
              </conditions>
            </line>
            <line number="374" hits="12" branch="True" condition-coverage="100% (2/2)">
              <conditions>
                <condition number="77" type="jump" coverage="100%" />
              </conditions>
            </line>
            <line number="375" hits="36" branch="True" condition-coverage="100% (2/2)">
              <conditions>
                <condition number="49" type="jump" coverage="100%" />
              </conditions>
            </line>
            <line number="376" hits="12" branch="False" />
            <line number="379" hits="3" branch="False" />
            <line number="380" hits="3" branch="False" />
            <line number="381" hits="30" branch="True" condition-coverage="100% (2/2)">
              <conditions>
                <condition number="49" type="jump" coverage="100%" />
              </conditions>
            </line>
            <line number="382" hits="3" branch="False" />
            <line number="385" hits="3" branch="False" />
            <line number="386" hits="3" branch="False" />
            <line number="387" hits="3" branch="False" />
            <line number="388" hits="6" branch="True" condition-coverage="100% (2/2)">
              <conditions>
                <condition number="20" type="jump" coverage="100%" />
              </conditions>
            </line>
            <line number="389" hits="6" branch="True" condition-coverage="100% (2/2)">
              <conditions>
                <condition number="64" type="jump" coverage="100%" />
              </conditions>
            </line>
            <line number="390" hits="6" branch="True" condition-coverage="100% (2/2)">
              <conditions>
                <condition number="108" type="jump" coverage="100%" />
              </conditions>
            </line>
            <line number="391" hits="15" branch="True" condition-coverage="100% (2/2)">
              <conditions>
                <condition number="183" type="jump" coverage="100%" />
              </conditions>
            </line>
            <line number="392" hits="6" branch="False" />
            <line number="393" hits="3" branch="False" />
            <line number="396" hits="3" branch="False" />
            <line number="397" hits="3" branch="False" />
            <line number="398" hits="3" branch="False" />
            <line number="399" hits="3" branch="False" />
            <line number="400" hits="3" branch="False" />
            <line number="401" hits="3" branch="False" />
            <line number="402" hits="3" branch="False" />
            <line number="403" hits="18" branch="True" condition-coverage="100% (2/2)">
              <conditions>
                <condition number="129" type="jump" coverage="100%" />
              </conditions>
            </line>
            <line number="404" hits="6" branch="False" />
            <line number="405" hits="3" branch="False" />
            <line number="408" hits="3" branch="False" />
            <line number="409" hits="3" branch="False" />
            <line number="410" hits="23" branch="True" condition-coverage="100% (2/2)">
              <conditions>
                <condition number="122" type="jump" coverage="100%" />
              </conditions>
            </line>
            <line number="411" hits="7" branch="False" />
            <line number="412" hits="13" branch="True" condition-coverage="100% (2/2)">
              <conditions>
                <condition number="75" type="jump" coverage="100%" />
              </conditions>
            </line>
            <line number="413" hits="63" branch="True" condition-coverage="100% (2/2)">
              <conditions>
                <condition number="49" type="jump" coverage="100%" />
              </conditions>
            </line>
            <line number="414" hits="7" branch="False" />
            <line number="415" hits="3" branch="False" />
            <line number="418" hits="20" branch="False" />
            <line number="419" hits="40" branch="True" condition-coverage="100% (2/2)">
              <conditions>
                <condition number="15" type="jump" coverage="100%" />
              </conditions>
            </line>
            <line number="421" hits="20" branch="True" condition-coverage="50% (1/2)">
              <conditions>
                <condition number="41" type="jump" coverage="50%" />
              </conditions>
            </line>
            <line number="422" hits="0" branch="False" />
            <line number="423" hits="20" branch="True" condition-coverage="50% (2/4)">
              <conditions>
                <condition number="80" type="jump" coverage="50%" />
                <condition number="103" type="jump" coverage="50%" />
              </conditions>
            </line>
            <line number="424" hits="0" branch="False" />
            <line number="425" hits="20" branch="True" condition-coverage="50% (2/4)">
              <conditions>
                <condition number="155" type="jump" coverage="50%" />
                <condition number="180" type="jump" coverage="50%" />
              </conditions>
            </line>
            <line number="426" hits="0" branch="False" />
            <line number="427" hits="20" branch="False" />
            <line number="430" hits="1112" branch="False" />
            <line number="431" hits="1112" branch="True" condition-coverage="100% (38/38)">
              <conditions>
                <condition number="15" type="jump" coverage="100%" />
                <condition number="27" type="jump" coverage="100%" />
                <condition number="39" type="jump" coverage="100%" />
                <condition number="51" type="jump" coverage="100%" />
                <condition number="63" type="jump" coverage="100%" />
                <condition number="77" type="jump" coverage="100%" />
                <condition number="91" type="jump" coverage="100%" />
                <condition number="105" type="jump" coverage="100%" />
                <condition number="119" type="jump" coverage="100%" />
                <condition number="135" type="jump" coverage="100%" />
                <condition number="151" type="jump" coverage="100%" />
                <condition number="167" type="jump" coverage="100%" />
                <condition number="183" type="jump" coverage="100%" />
[...]
            <line number="773" hits="24" branch="False" />
            <line number="777" hits="1" branch="False" />
            <line number="778" hits="1" branch="False" />
            <line number="779" hits="1" branch="True" condition-coverage="50% (1/2)">
              <conditions>
                <condition number="30" type="jump" coverage="50%" />
              </conditions>
            </line>
            <line number="781" hits="1" branch="True" condition-coverage="50% (1/2)">
              <conditions>
                <condition number="59" type="jump" coverage="50%" />
              </conditions>
            </line>
            <line number="782" hits="0" branch="False" />
            <line number="783" hits="0" branch="True" condition-coverage="0% (0/2)">
              <conditions>
                <condition number="69" type="jump" coverage="0%" />
              </conditions>
            </line>
            <line number="784" hits="0" branch="False" />
            <line number="787" hits="1" branch="False" />
            <line number="788" hits="1" branch="False" />
            <line number="789" hits="1" branch="False" />
            <line number="792" hits="195" branch="False" />
            <line number="793" hits="390" branch="False" />
            <line number="795" hits="195" branch="True" condition-coverage="100% (4/4)">
              <conditions>
                <condition number="22" type="jump" coverage="100%" />
                <condition number="38" type="jump" coverage="100%" />
              </conditions>
            </line>
            <line number="796" hits="29" branch="False" />
            <line number="797" hits="29" branch="False" />
            <line number="798" hits="29" branch="False" />
            <line number="801" hits="166" branch="True" condition-coverage="50% (2/4)">
              <conditions>
                <condition number="96" type="jump" coverage="50%" />
                <condition number="113" type="jump" coverage="50%" />
              </conditions>
            </line>
            <line number="802" hits="0" branch="False" />
            <line number="804" hits="166" branch="True" condition-coverage="100% (4/4)">
              <conditions>
                <condition number="199" type="jump" coverage="100%" />
                <condition number="217" type="jump" coverage="100%" />
              </conditions>
            </line>
            <line number="805" hits="165" branch="False" />
            <line number="807" hits="1" branch="False" />
            <line number="808" hits="195" branch="False" />
            <line number="811" hits="205" branch="False" />
            <line number="812" hits="205" branch="False" />
            <line number="813" hits="410" branch="False" />
            <line number="814" hits="205" branch="True" condition-coverage="50% (2/4)">
              <conditions>
                <condition number="31" type="jump" coverage="50%" />
                <condition number="48" type="jump" coverage="50%" />
              </conditions>
            </line>
            <line number="815" hits="0" branch="False" />
            <line number="817" hits="205" branch="True" condition-coverage="100% (4/4)">
              <conditions>
                <condition number="74" type="jump" coverage="100%" />
                <condition number="90" type="jump" coverage="100%" />
              </conditions>
            </line>
            <line number="818" hits="203" branch="False" />
            <line number="820" hits="2" branch="False" />
            <line number="821" hits="204" branch="False" />
            <line number="824" hits="2" branch="False" />
            <line number="825" hits="2" branch="False" />
            <line number="826" hits="4" branch="False" />
            <line number="827" hits="2" branch="True" condition-coverage="50% (2/4)">
              <conditions>
                <condition number="31" type="jump" coverage="50%" />
                <condition number="50" type="jump" coverage="50%" />
              </conditions>
            </line>
            <line number="828" hits="0" branch="False" />
            <line number="829" hits="2" branch="False" />
            <line number="830" hits="1" branch="False" />
            <line number="833" hits="242" branch="False" />
            <line number="834" hits="242" branch="False" />
            <line number="835" hits="484" branch="False" />
            <line number="836" hits="242" branch="True" condition-coverage="50% (2/4)">
              <conditions>
                <condition number="35" type="jump" coverage="50%" />
                <condition number="52" type="jump" coverage="50%" />
              </conditions>
            </line>
            <line number="837" hits="0" branch="False" />
            <line number="838" hits="242" branch="False" />
            <line number="839" hits="242" branch="False" />
            <line number="842" hits="29" branch="False" />
            <line number="843" hits="29" branch="False" />
            <line number="844" hits="58" branch="False" />
            <line number="847" hits="29" branch="True" condition-coverage="100% (4/4)">
              <conditions>
                <condition number="35" type="jump" coverage="100%" />
                <condition number="49" type="jump" coverage="100%" />
              </conditions>
            </line>
            <line number="848" hits="24" branch="False" />
            <line number="849" hits="24" branch="False" />
            <line number="850" hits="24" branch="False" />
            <line number="851" hits="5" branch="True" condition-coverage="100% (2/2)">
              <conditions>
                <condition number="96" type="jump" coverage="100%" />
              </conditions>
            </line>
            <line number="852" hits="1" branch="False" />
            <line number="853" hits="1" branch="True" condition-coverage="50% (1/2)">
              <conditions>
                <condition number="105" type="jump" coverage="50%" />
              </conditions>
            </line>
            <line number="854" hits="1" branch="False" />
            <line number="856" hits="4" branch="False" />
            <line number="857" hits="4" branch="True" condition-coverage="25% (2/8)">
              <conditions>
                <condition number="141" type="switch" coverage="25%" />
              </conditions>
            </line>
            <line number="858" hits="4" branch="False" />
            <line number="859" hits="0" branch="False" />
            <line number="860" hits="2" branch="False" />
            <line number="861" hits="0" branch="False" />
            <line number="862" hits="0" branch="False" />
            <line number="863" hits="2" branch="False" />
            <line number="864" hits="0" branch="False" />
            <line number="865" hits="4" branch="False" />
            <line number="866" hits="4" branch="False" />
            <line number="868" hits="29" branch="True" condition-coverage="100% (2/2)">
              <conditions>
                <condition number="271" type="jump" coverage="100%" />
              </conditions>
            </line>
            <line number="869" hits="29" branch="False" />
            <line number="872" hits="271" branch="False" />
            <line number="873" hits="271" branch="True" condition-coverage="50% (1/2)">
              <conditions>
                <condition number="15" type="jump" coverage="50%" />
              </conditions>
            </line>
            <line number="874" hits="0" branch="False" />
            <line number="875" hits="271" branch="False" />
            <line number="877" hits="456" branch="True" condition-coverage="16.66% (1/6)">
              <conditions>
                <condition number="10" type="jump" coverage="50%" />
                <condition number="27" type="jump" coverage="0%" />
                <condition number="45" type="jump" coverage="0%" />
              </conditions>
            </line>
            <line number="878" hits="456" branch="False" />
            <line number="879" hits="456" branch="False" />
            <line number="880" hits="0" branch="False" />
            <line number="881" hits="0" branch="False" />
            <line number="882" hits="456" branch="False" />
            <line number="884" hits="9" branch="True" condition-coverage="16.66% (1/6)">
              <conditions>
                <condition number="12" type="jump" coverage="50%" />
                <condition number="20" type="jump" coverage="0%" />
                <condition number="38" type="jump" coverage="0%" />
              </conditions>
            </line>
            <line number="885" hits="9" branch="False" />
            <line number="886" hits="9" branch="False" />
            <line number="887" hits="0" branch="False" />
            <line number="888" hits="0" branch="True" condition-coverage="0% (0/4)">
              <conditions>
                <condition number="60" type="jump" coverage="0%" />
                <condition number="72" type="jump" coverage="0%" />
              </conditions>
            </line>
            <line number="889" hits="9" branch="False" />
            <line number="891" hits="772" branch="True" condition-coverage="10% (1/10)">
              <conditions>
                <condition number="10" type="jump" coverage="50%" />
                <condition number="27" type="jump" coverage="0%" />
                <condition number="44" type="jump" coverage="0%" />
                <condition number="61" type="jump" coverage="0%" />
                <condition number="82" type="jump" coverage="0%" />
              </conditions>
            </line>
            <line number="892" hits="772" branch="False" />
            <line number="893" hits="772" branch="False" />
            <line number="894" hits="0" branch="False" />
            <line number="895" hits="0" branch="False" />
            <line number="896" hits="0" branch="False" />
            <line number="897" hits="0" branch="False" />
            <line number="898" hits="0" branch="False" />
            <line number="899" hits="772" branch="False" />
            <line number="902" hits="57" branch="False" />
            <line number="903" hits="114" branch="True" condition-coverage="50% (1/2)">
              <conditions>
                <condition number="14" type="jump" coverage="50%" />
              </conditions>
            </line>
            <line number="904" hits="0" branch="True" condition-coverage="0% (0/4)">
              <conditions>
                <condition number="31" type="jump" coverage="0%" />
                <condition number="52" type="jump" coverage="0%" />
              </conditions>
            </line>
            <line number="905" hits="0" branch="False" />
            <line number="906" hits="0" branch="False" />
            <line number="907" hits="0" branch="True" condition-coverage="0% (0/2)">
              <conditions>
                <condition number="149" type="jump" coverage="0%" />
              </conditions>
            </line>
            <line number="908" hits="0" branch="True" condition-coverage="0% (0/6)">
              <conditions>
                <condition number="91" type="jump" coverage="0%" />
                <condition number="106" type="jump" coverage="0%" />
                <condition number="119" type="jump" coverage="0%" />
              </conditions>
            </line>
            <line number="909" hits="0" branch="False" />
            <line number="911" hits="0" branch="False" />
            <line number="912" hits="57" branch="False" />
            <line number="929" hits="3" branch="False" />
            <line number="930" hits="3" branch="True" condition-coverage="50% (1/2)">
              <conditions>
                <condition number="20" type="jump" coverage="50%" />
              </conditions>
            </line>
            <line number="931" hits="5" branch="True" condition-coverage="100% (2/2)">
              <conditions>
                <condition number="35" type="jump" coverage="100%" />
              </conditions>
            </line>
            <line number="932" hits="1" branch="False" />
            <line number="933" hits="3" branch="False" />
            <line number="13" hits="141" branch="False" />
            <line number="14" hits="141" branch="False" />
            <line number="15" hits="141" branch="False" />
            <line number="16" hits="141" branch="False" />
            <line number="17" hits="141" branch="False" />
            <line number="18" hits="141" branch="False" />
            <line number="19" hits="141" branch="False" />
            <line number="21" hits="141" branch="False" />
            <line number="22" hits="141" branch="False" />
            <line number="24" hits="141" branch="False" />
            <line number="30" hits="141" branch="False" />
            <line number="31" hits="141" branch="False" />
            <line number="32" hits="141" branch="False" />
            <line number="33" hits="141" branch="False" />
            <line number="34" hits="141" branch="False" />
            <line number="35" hits="141" branch="False" />
            <line number="36" hits="141" branch="True" condition-coverage="50% (1/2)">
              <conditions>
                <condition number="121" type="jump" coverage="50%" />
              </conditions>
            </line>
            <line number="37" hits="141" branch="True" condition-coverage="50% (1/2)">
              <conditions>
                <condition number="137" type="jump" coverage="50%" />
              </conditions>
            </line>
            <line number="38" hits="141" branch="True" condition-coverage="100% (2/2)">
              <conditions>
                <condition number="153" type="jump" coverage="100%" />
              </conditions>
            </line>
            <line number="39" hits="141" branch="False" />
            <line number="40" hits="141" branch="False" />
            <line number="28" hits="0" branch="False" />
          </lines>
        </class>
        <class name="SabakaLang.Runtime.VirtualMachine/&lt;CollectRoots&gt;d__43" filename="SabakaLang.Runtime\VirtualMachine.cs" line-rate="0" branch-rate="0" complexity="20">
          <methods>
            <method name="MoveNext" signature="()" line-rate="0" branch-rate="0" complexity="20">
              <lines>
                <line number="915" hits="0" branch="False" />
                <line number="916" hits="0" branch="True" condition-coverage="0% (0/2)">
                  <conditions>
                    <condition number="210" type="jump" coverage="0%" />
                  </conditions>
                </line>
                <line number="917" hits="0" branch="True" condition-coverage="0% (0/4)">
                  <conditions>
                    <condition number="125" type="jump" coverage="0%" />
                    <condition number="146" type="jump" coverage="0%" />
                  </conditions>
                </line>
                <line number="919" hits="0" branch="True" condition-coverage="0% (0/2)">
                  <conditions>
                    <condition number="475" type="jump" coverage="0%" />
                  </conditions>
                </line>
                <line number="920" hits="0" branch="True" condition-coverage="0% (0/2)">
                  <conditions>
                    <condition number="436" type="jump" coverage="0%" />
                  </conditions>
                </line>
                <line number="921" hits="0" branch="True" condition-coverage="0% (0/4)">
                  <conditions>
                    <condition number="350" type="jump" coverage="0%" />
                    <condition number="367" type="jump" coverage="0%" />
                  </conditions>
                </line>
                <line number="922" hits="0" branch="False" />
                <line number="924" hits="0" branch="True" condition-coverage="0% (0/2)">
                  <conditions>
                    <condition number="645" type="jump" coverage="0%" />
                  </conditions>
                </line>
                <line number="925" hits="0" branch="True" condition-coverage="0% (0/4)">
                  <conditions>
                    <condition number="561" type="jump" coverage="0%" />
                    <condition number="584" type="jump" coverage="0%" />
                  </conditions>
                </line>
                <line number="926" hits="0" branch="False" />
              </lines>
            </method>
          </methods>
          <lines>
            <line number="915" hits="0" branch="False" />
            <line number="916" hits="0" branch="True" condition-coverage="0% (0/2)">
              <conditions>
                <condition number="210" type="jump" coverage="0%" />
              </conditions>
            </line>
            <line number="917" hits="0" branch="True" condition-coverage="0% (0/4)">
              <conditions>
                <condition number="125" type="jump" coverage="0%" />
                <condition number="146" type="jump" coverage="0%" />
              </conditions>
            </line>
            <line number="919" hits="0" branch="True" condition-coverage="0% (0/2)">
              <conditions>
                <condition number="475" type="jump" coverage="0%" />
              </conditions>
            </line>
            <line number="920" hits="0" branch="True" condition-coverage="0% (0/2)">
              <conditions>
                <condition number="436" type="jump" coverage="0%" />
              </conditions>
            </line>
            <line number="921" hits="0" branch="True" condition-coverage="0% (0/4)">
              <conditions>
                <condition number="350" type="jump" coverage="0%" />
                <condition number="367" type="jump" coverage="0%" />
              </conditions>
            </line>
            <line number="922" hits="0" branch="False" />
            <line number="924" hits="0" branch="True" condition-coverage="0% (0/2)">
              <conditions>
                <condition number="645" type="jump" coverage="0%" />
              </conditions>
            </line>
            <line number="925" hits="0" branch="True" condition-coverage="0% (0/4)">
              <conditions>
                <condition number="561" type="jump" coverage="0%" />
                <condition number="584" type="jump" coverage="0%" />
              </conditions>
            </line>
            <line number="926" hits="0" branch="False" />
          </lines>
        </class>
        <class name="SabakaLang.Runtime.FunctionInfo" filename="SabakaLang.Runtime\VirtualMachine.cs" line-rate="1" branch-rate="1" complexity="3">
          <methods>
            <method name="get_Address" signature="()" line-rate="1" branch-rate="1" complexity="1">
              <lines>
                <line number="938" hits="267" branch="False" />
              </lines>
            </method>
            <method name="get_Parameters" signature="()" line-rate="1" branch-rate="1" complexity="1">
              <lines>
                <line number="939" hits="697" branch="False" />
              </lines>
            </method>
            <method name=".ctor" signature="(System.Int32,System.Collections.Generic.List`1&lt;System.String&gt;)" line-rate="1" branch-rate="1" complexity="1">
              <lines>
                <line number="936" hits="34" branch="False" />
              </lines>
            </method>
          </methods>
          <lines>
            <line number="938" hits="267" branch="False" />
            <line number="939" hits="697" branch="False" />
            <line number="936" hits="34" branch="False" />
          </lines>
        </class>
      </classes>
    </package>
  </packages>
</coverage>